2026-01-25 18:52:27 - personio_etl - INFO - Starting Personio HR Data Export Integration
2026-01-25 18:52:27 - personio_etl - INFO - --- Starting Personio ETL Job ---
2026-01-25 18:52:27 - personio_etl - INFO - Fetching employee master data...
2026-01-25 18:52:27 - personio_etl - INFO - Authenticating with Personio API...
2026-01-25 18:52:28 - personio_etl - INFO - Successfully authenticated.
2026-01-25 18:52:52 - personio_etl - WARNING - Rate limited. Retrying after 5 seconds...
2026-01-25 19:58:23 - personio_etl - INFO - Starting Personio HR Data Export Integration
2026-01-25 19:58:23 - personio_etl - INFO - --- Starting Personio ETL Job ---
2026-01-25 19:58:23 - personio_etl - INFO - Fetching employee master data...
2026-01-25 19:58:23 - personio_etl - INFO - Authenticating with Personio API...
2026-01-25 19:58:24 - personio_etl - INFO - Successfully authenticated.
2026-01-25 20:06:39 - personio_etl - INFO - Starting Personio HR Data Export Integration
2026-01-25 20:06:39 - personio_etl - INFO - --- Starting Personio ETL Job ---
2026-01-25 20:06:39 - personio_etl - INFO - Starting extraction of employee master data...
2026-01-25 20:06:39 - personio_etl - INFO - Authenticating with Personio API...
2026-01-25 20:06:40 - personio_etl - INFO - Successfully authenticated.
2026-01-25 20:06:40 - personio_etl - INFO - Fetched page 0/1 for company/employees (34 records so far)
2026-01-25 20:06:41 - personio_etl - INFO - Successfully fetched 34 employee records.
2026-01-25 20:06:41 - personio_etl - INFO - Transforming employee data...
2026-01-25 20:06:41 - personio_etl - INFO - Successfully transformed 34 employee records.
2026-01-25 20:06:41 - personio_etl - INFO - Loading employee data into CSV...
2026-01-25 20:06:41 - personio_etl - INFO - Saving data to ./output\personio_employee_export.csv...
2026-01-25 20:06:41 - personio_etl - INFO - Successfully saved 34 rows to personio_employee_export.csv
2026-01-25 20:06:41 - personio_etl - INFO - Generating and loading department summary...
2026-01-25 20:06:41 - personio_etl - INFO - Generating department summary...
2026-01-25 20:06:41 - personio_etl - INFO - Saving data to ./output\department_summary.csv...
2026-01-25 20:06:41 - personio_etl - INFO - Successfully saved 13 rows to department_summary.csv
2026-01-25 20:06:41 - personio_etl - INFO - Starting document downloads...
2026-01-25 20:06:41 - personio_etl - INFO - Processing documents for employee 35179898 (1/34)...
2026-01-25 20:06:41 - personio_etl - WARNING - Failed to fetch documents for employee 35179898: API request failed with status 404: 404 Client Error: Not Found for url: https://api.personio.de/v1/company/employees/35179898/documents
2026-01-25 20:06:41 - personio_etl - INFO - Processing documents for employee 35121566 (2/34)...
2026-01-25 20:06:42 - personio_etl - WARNING - Failed to fetch documents for employee 35121566: API request failed with status 404: 404 Client Error: Not Found for url: https://api.personio.de/v1/company/employees/35121566/documents
2026-01-25 20:06:42 - personio_etl - INFO - Processing documents for employee 35121565 (3/34)...
2026-01-25 20:06:42 - personio_etl - WARNING - Failed to fetch documents for employee 35121565: API request failed with status 404: 404 Client Error: Not Found for url: https://api.personio.de/v1/company/employees/35121565/documents
2026-01-25 20:06:42 - personio_etl - INFO - Processing documents for employee 35121564 (4/34)...
2026-01-25 20:06:43 - personio_etl - WARNING - Failed to fetch documents for employee 35121564: API request failed with status 404: 404 Client Error: Not Found for url: https://api.personio.de/v1/company/employees/35121564/documents
2026-01-25 20:06:43 - personio_etl - INFO - Processing documents for employee 35121563 (5/34)...
2026-01-25 20:06:43 - personio_etl - WARNING - Failed to fetch documents for employee 35121563: API request failed with status 404: 404 Client Error: Not Found for url: https://api.personio.de/v1/company/employees/35121563/documents
2026-01-25 20:06:43 - personio_etl - INFO - Processing documents for employee 35121562 (6/34)...
2026-01-25 20:06:43 - personio_etl - WARNING - Failed to fetch documents for employee 35121562: API request failed with status 404: 404 Client Error: Not Found for url: https://api.personio.de/v1/company/employees/35121562/documents
2026-01-25 20:06:43 - personio_etl - INFO - Processing documents for employee 35121561 (7/34)...
2026-01-25 20:06:44 - personio_etl - WARNING - Failed to fetch documents for employee 35121561: API request failed with status 404: 404 Client Error: Not Found for url: https://api.personio.de/v1/company/employees/35121561/documents
2026-01-25 20:06:44 - personio_etl - INFO - Processing documents for employee 35121560 (8/34)...
2026-01-25 20:06:44 - personio_etl - WARNING - Failed to fetch documents for employee 35121560: API request failed with status 404: 404 Client Error: Not Found for url: https://api.personio.de/v1/company/employees/35121560/documents
2026-01-25 20:06:44 - personio_etl - INFO - Processing documents for employee 35121559 (9/34)...
2026-01-25 20:06:45 - personio_etl - WARNING - Failed to fetch documents for employee 35121559: API request failed with status 404: 404 Client Error: Not Found for url: https://api.personio.de/v1/company/employees/35121559/documents
2026-01-25 20:06:45 - personio_etl - INFO - Processing documents for employee 35121558 (10/34)...
2026-01-25 20:06:45 - personio_etl - WARNING - Failed to fetch documents for employee 35121558: API request failed with status 404: 404 Client Error: Not Found for url: https://api.personio.de/v1/company/employees/35121558/documents
2026-01-25 20:06:45 - personio_etl - INFO - Processing documents for employee 35121557 (11/34)...
2026-01-25 20:06:45 - personio_etl - WARNING - Failed to fetch documents for employee 35121557: API request failed with status 404: 404 Client Error: Not Found for url: https://api.personio.de/v1/company/employees/35121557/documents
2026-01-25 20:06:45 - personio_etl - INFO - Processing documents for employee 35121556 (12/34)...
2026-01-25 20:06:46 - personio_etl - WARNING - Failed to fetch documents for employee 35121556: API request failed with status 404: 404 Client Error: Not Found for url: https://api.personio.de/v1/company/employees/35121556/documents
2026-01-25 20:06:46 - personio_etl - INFO - Processing documents for employee 35121555 (13/34)...
2026-01-25 20:06:46 - personio_etl - WARNING - Failed to fetch documents for employee 35121555: API request failed with status 404: 404 Client Error: Not Found for url: https://api.personio.de/v1/company/employees/35121555/documents
2026-01-25 20:06:46 - personio_etl - INFO - Processing documents for employee 35121554 (14/34)...
2026-01-25 20:06:47 - personio_etl - WARNING - Failed to fetch documents for employee 35121554: API request failed with status 404: 404 Client Error: Not Found for url: https://api.personio.de/v1/company/employees/35121554/documents
2026-01-25 20:06:47 - personio_etl - INFO - Processing documents for employee 35121553 (15/34)...
2026-01-25 20:06:47 - personio_etl - WARNING - Failed to fetch documents for employee 35121553: API request failed with status 404: 404 Client Error: Not Found for url: https://api.personio.de/v1/company/employees/35121553/documents
2026-01-25 20:06:47 - personio_etl - INFO - Processing documents for employee 35121552 (16/34)...
2026-01-25 20:06:48 - personio_etl - WARNING - Failed to fetch documents for employee 35121552: API request failed with status 404: 404 Client Error: Not Found for url: https://api.personio.de/v1/company/employees/35121552/documents
2026-01-25 20:06:48 - personio_etl - INFO - Processing documents for employee 35121551 (17/34)...
2026-01-25 20:06:48 - personio_etl - WARNING - Failed to fetch documents for employee 35121551: API request failed with status 404: 404 Client Error: Not Found for url: https://api.personio.de/v1/company/employees/35121551/documents
2026-01-25 20:06:48 - personio_etl - INFO - Processing documents for employee 35121550 (18/34)...
2026-01-25 20:06:48 - personio_etl - WARNING - Failed to fetch documents for employee 35121550: API request failed with status 404: 404 Client Error: Not Found for url: https://api.personio.de/v1/company/employees/35121550/documents
2026-01-25 20:06:48 - personio_etl - INFO - Processing documents for employee 35121549 (19/34)...
2026-01-25 20:06:49 - personio_etl - WARNING - Failed to fetch documents for employee 35121549: API request failed with status 404: 404 Client Error: Not Found for url: https://api.personio.de/v1/company/employees/35121549/documents
2026-01-25 20:06:49 - personio_etl - INFO - Processing documents for employee 35121548 (20/34)...
2026-01-25 20:06:49 - personio_etl - WARNING - Failed to fetch documents for employee 35121548: API request failed with status 404: 404 Client Error: Not Found for url: https://api.personio.de/v1/company/employees/35121548/documents
2026-01-25 20:06:49 - personio_etl - INFO - Processing documents for employee 35121547 (21/34)...
2026-01-25 20:06:49 - personio_etl - WARNING - Failed to fetch documents for employee 35121547: API request failed with status 404: 404 Client Error: Not Found for url: https://api.personio.de/v1/company/employees/35121547/documents
2026-01-25 20:06:49 - personio_etl - INFO - Processing documents for employee 35121546 (22/34)...
2026-01-25 20:06:50 - personio_etl - WARNING - Failed to fetch documents for employee 35121546: API request failed with status 404: 404 Client Error: Not Found for url: https://api.personio.de/v1/company/employees/35121546/documents
2026-01-25 20:06:50 - personio_etl - INFO - Processing documents for employee 35121545 (23/34)...
2026-01-25 20:06:50 - personio_etl - WARNING - Failed to fetch documents for employee 35121545: API request failed with status 404: 404 Client Error: Not Found for url: https://api.personio.de/v1/company/employees/35121545/documents
2026-01-25 20:06:50 - personio_etl - INFO - Processing documents for employee 35121544 (24/34)...
2026-01-25 20:06:51 - personio_etl - WARNING - Failed to fetch documents for employee 35121544: API request failed with status 404: 404 Client Error: Not Found for url: https://api.personio.de/v1/company/employees/35121544/documents
2026-01-25 20:06:51 - personio_etl - INFO - Processing documents for employee 35121543 (25/34)...
2026-01-25 20:06:51 - personio_etl - WARNING - Failed to fetch documents for employee 35121543: API request failed with status 404: 404 Client Error: Not Found for url: https://api.personio.de/v1/company/employees/35121543/documents
2026-01-25 20:06:51 - personio_etl - INFO - Processing documents for employee 35121542 (26/34)...
2026-01-25 20:06:51 - personio_etl - WARNING - Failed to fetch documents for employee 35121542: API request failed with status 404: 404 Client Error: Not Found for url: https://api.personio.de/v1/company/employees/35121542/documents
2026-01-25 20:06:51 - personio_etl - INFO - Processing documents for employee 35121541 (27/34)...
2026-01-25 20:06:52 - personio_etl - WARNING - Failed to fetch documents for employee 35121541: API request failed with status 404: 404 Client Error: Not Found for url: https://api.personio.de/v1/company/employees/35121541/documents
2026-01-25 20:06:52 - personio_etl - INFO - Processing documents for employee 35121540 (28/34)...
2026-01-25 20:06:52 - personio_etl - WARNING - Failed to fetch documents for employee 35121540: API request failed with status 404: 404 Client Error: Not Found for url: https://api.personio.de/v1/company/employees/35121540/documents
2026-01-25 20:06:52 - personio_etl - INFO - Processing documents for employee 35121539 (29/34)...
2026-01-25 20:06:53 - personio_etl - WARNING - Failed to fetch documents for employee 35121539: API request failed with status 404: 404 Client Error: Not Found for url: https://api.personio.de/v1/company/employees/35121539/documents
2026-01-25 20:06:53 - personio_etl - INFO - Processing documents for employee 35121538 (30/34)...
2026-01-25 20:06:53 - personio_etl - WARNING - Failed to fetch documents for employee 35121538: API request failed with status 404: 404 Client Error: Not Found for url: https://api.personio.de/v1/company/employees/35121538/documents
2026-01-25 20:06:53 - personio_etl - INFO - Processing documents for employee 35121537 (31/34)...
2026-01-25 20:06:53 - personio_etl - WARNING - Failed to fetch documents for employee 35121537: API request failed with status 404: 404 Client Error: Not Found for url: https://api.personio.de/v1/company/employees/35121537/documents
2026-01-25 20:06:53 - personio_etl - INFO - Processing documents for employee 35121536 (32/34)...
2026-01-25 20:06:54 - personio_etl - WARNING - Failed to fetch documents for employee 35121536: API request failed with status 404: 404 Client Error: Not Found for url: https://api.personio.de/v1/company/employees/35121536/documents
2026-01-25 20:06:54 - personio_etl - INFO - Processing documents for employee 35121535 (33/34)...
2026-01-25 20:06:54 - personio_etl - WARNING - Failed to fetch documents for employee 35121535: API request failed with status 404: 404 Client Error: Not Found for url: https://api.personio.de/v1/company/employees/35121535/documents
2026-01-25 20:06:54 - personio_etl - INFO - Processing documents for employee 35121534 (34/34)...
2026-01-25 20:06:55 - personio_etl - WARNING - Failed to fetch documents for employee 35121534: API request failed with status 404: 404 Client Error: Not Found for url: https://api.personio.de/v1/company/employees/35121534/documents
2026-01-25 20:06:55 - personio_etl - INFO - --- Personio ETL Job Completed Successfully ---
2026-01-25 20:06:55 - personio_etl - INFO - Adding scheduled job with cron: 0 2 * * *
2026-01-25 20:06:55 - personio_etl - INFO - Starting scheduler...
2026-01-25 20:06:55 - personio_etl - INFO - Starting health check server on port 5000...
